# JRE version: OpenJDK Runtime Environment (8.0_112-b06) (build 1.8.0_112-release-b06)
# Java VM: OpenJDK 64-Bit Server VM (25.112-b06 mixed mode bsd-amd64 compressed oops)
Heap:
 PSYoungGen      total 146944K, used 135465K [0x00000007a0000000, 0x00000007ade80000, 0x00000007c0000000)
  eden space 135168K, 93% used [0x00000007a0000000,0x00000007a7b33a08,0x00000007a8400000)
  from space 11776K, 79% used [0x00000007a8400000,0x00000007a8d16aa8,0x00000007a8f80000)
  to   space 12288K, 0% used [0x00000007ad280000,0x00000007ad280000,0x00000007ade80000)
 ParOldGen       total 68608K, used 21213K [0x0000000760000000, 0x0000000764300000, 0x00000007a0000000)
  object space 68608K, 30% used [0x0000000760000000,0x00000007614b76a8,0x0000000764300000)
 Metaspace       used 53978K, capacity 55626K, committed 55808K, reserved 1097728K
  class space    used 7269K, capacity 7644K, committed 7680K, reserved 1048576K
GC Heap History (10 events):
Event: 53.684 GC heap before
{Heap before GC invocations=9 (full 1):
 PSYoungGen      total 65536K, used 62508K [0x00000007a0000000, 0x00000007a6e00000, 0x00000007c0000000)
  eden space 56320K, 100% used [0x00000007a0000000,0x00000007a3700000,0x00000007a3700000)
  from space 9216K, 67% used [0x00000007a3700000,0x00000007a3d0b290,0x00000007a4000000)
  to   space 9216K, 0% used [0x00000007a6500000,0x00000007a6500000,0x00000007a6e00000)
 ParOldGen       total 55296K, used 8006K [0x0000000760000000, 0x0000000763600000, 0x00000007a0000000)
  object space 55296K, 14% used [0x0000000760000000,0x00000007607d1bc0,0x0000000763600000)
 Metaspace       used 34149K, capacity 34752K, committed 35072K, reserved 1079296K
  class space    used 4601K, capacity 4784K, committed 4864K, reserved 1048576K
Event: 53.703 GC heap after
Heap after GC invocations=9 (full 1):
 PSYoungGen      total 99840K, used 9210K [0x00000007a0000000, 0x00000007a6e00000, 0x00000007c0000000)
  eden space 90624K, 0% used [0x00000007a0000000,0x00000007a0000000,0x00000007a5880000)
  from space 9216K, 99% used [0x00000007a6500000,0x00000007a6dfe848,0x00000007a6e00000)
  to   space 10752K, 0% used [0x00000007a5900000,0x00000007a5900000,0x00000007a6380000)
 ParOldGen       total 55296K, used 9379K [0x0000000760000000, 0x0000000763600000, 0x00000007a0000000)
  object space 55296K, 16% used [0x0000000760000000,0x0000000760928ea8,0x0000000763600000)
 Metaspace       used 34149K, capacity 34752K, committed 35072K, reserved 1079296K
  class space    used 4601K, capacity 4784K, committed 4864K, reserved 1048576K
}
Event: 54.056 GC heap before
{Heap before GC invocations=10 (full 1):
 PSYoungGen      total 99840K, used 38318K [0x00000007a0000000, 0x00000007a6e00000, 0x00000007c0000000)
  eden space 90624K, 32% used [0x00000007a0000000,0x00000007a1c6d068,0x00000007a5880000)
  from space 9216K, 99% used [0x00000007a6500000,0x00000007a6dfe848,0x00000007a6e00000)
  to   space 10752K, 0% used [0x00000007a5900000,0x00000007a5900000,0x00000007a6380000)
 ParOldGen       total 55296K, used 9379K [0x0000000760000000, 0x0000000763600000, 0x00000007a0000000)
  object space 55296K, 16% used [0x0000000760000000,0x0000000760928ea8,0x0000000763600000)
 Metaspace       used 34866K, capacity 35404K, committed 35496K, reserved 1079296K
  class space    used 4698K, capacity 4850K, committed 4864K, reserved 1048576K
Event: 54.081 GC heap after
Heap after GC invocations=10 (full 1):
 PSYoungGen      total 101888K, used 4673K [0x00000007a0000000, 0x00000007a9a00000, 0x00000007c0000000)
  eden space 91136K, 0% used [0x00000007a0000000,0x00000007a0000000,0x00000007a5900000)
  from space 10752K, 43% used [0x00000007a5900000,0x00000007a5d90728,0x00000007a6380000)
  to   space 10752K, 0% used [0x00000007a8f80000,0x00000007a8f80000,0x00000007a9a00000)
 ParOldGen       total 55296K, used 12775K [0x0000000760000000, 0x0000000763600000, 0x00000007a0000000)
  object space 55296K, 23% used [0x0000000760000000,0x0000000760c79ef8,0x0000000763600000)
 Metaspace       used 34866K, capacity 35404K, committed 35496K, reserved 1079296K
  class space    used 4698K, capacity 4850K, committed 4864K, reserved 1048576K
}
Event: 54.081 GC heap before
{Heap before GC invocations=11 (full 2):
 PSYoungGen      total 101888K, used 4673K [0x00000007a0000000, 0x00000007a9a00000, 0x00000007c0000000)
  eden space 91136K, 0% used [0x00000007a0000000,0x00000007a0000000,0x00000007a5900000)
  from space 10752K, 43% used [0x00000007a5900000,0x00000007a5d90728,0x00000007a6380000)
  to   space 10752K, 0% used [0x00000007a8f80000,0x00000007a8f80000,0x00000007a9a00000)
 ParOldGen       total 55296K, used 12775K [0x0000000760000000, 0x0000000763600000, 0x00000007a0000000)
  object space 55296K, 23% used [0x0000000760000000,0x0000000760c79ef8,0x0000000763600000)
 Metaspace       used 34866K, capacity 35404K, committed 35496K, reserved 1079296K
  class space    used 4698K, capacity 4850K, committed 4864K, reserved 1048576K
Event: 54.187 GC heap after
Heap after GC invocations=11 (full 2):
 PSYoungGen      total 101888K, used 0K [0x00000007a0000000, 0x00000007a9a00000, 0x00000007c0000000)
  eden space 91136K, 0% used [0x00000007a0000000,0x00000007a0000000,0x00000007a5900000)
  from space 10752K, 0% used [0x00000007a5900000,0x00000007a5900000,0x00000007a6380000)
  to   space 10752K, 0% used [0x00000007a8f80000,0x00000007a8f80000,0x00000007a9a00000)
 ParOldGen       total 68608K, used 14574K [0x0000000760000000, 0x0000000764300000, 0x00000007a0000000)
  object space 68608K, 21% used [0x0000000760000000,0x0000000760e3b9f8,0x0000000764300000)
 Metaspace       used 34866K, capacity 35404K, committed 35496K, reserved 1079296K
  class space    used 4698K, capacity 4850K, committed 4864K, reserved 1048576K
}
Event: 56.142 GC heap before
{Heap before GC invocations=12 (full 2):
 PSYoungGen      total 101888K, used 91136K [0x00000007a0000000, 0x00000007a9a00000, 0x00000007c0000000)
  eden space 91136K, 100% used [0x00000007a0000000,0x00000007a5900000,0x00000007a5900000)
  from space 10752K, 0% used [0x00000007a5900000,0x00000007a5900000,0x00000007a6380000)
  to   space 10752K, 0% used [0x00000007a8f80000,0x00000007a8f80000,0x00000007a9a00000)
 ParOldGen       total 68608K, used 14574K [0x0000000760000000, 0x0000000764300000, 0x00000007a0000000)
  object space 68608K, 21% used [0x0000000760000000,0x0000000760e3b9f8,0x0000000764300000)
 Metaspace       used 43331K, capacity 44116K, committed 44416K, reserved 1087488K
  class space    used 5748K, capacity 5969K, committed 6016K, reserved 1048576K
Event: 56.162 GC heap after
Heap after GC invocations=12 (full 2):
 PSYoungGen      total 145920K, used 10495K [0x00000007a0000000, 0x00000007a9d00000, 0x00000007c0000000)
  eden space 135168K, 0% used [0x00000007a0000000,0x00000007a0000000,0x00000007a8400000)
  from space 10752K, 97% used [0x00000007a8f80000,0x00000007a99bfef0,0x00000007a9a00000)
  to   space 11776K, 0% used [0x00000007a8400000,0x00000007a8400000,0x00000007a8f80000)
 ParOldGen       total 68608K, used 14582K [0x0000000760000000, 0x0000000764300000, 0x00000007a0000000)
  object space 68608K, 21% used [0x0000000760000000,0x0000000760e3d9f8,0x0000000764300000)
 Metaspace       used 43331K, capacity 44116K, committed 44416K, reserved 1087488K
  class space    used 5748K, capacity 5969K, committed 6016K, reserved 1048576K
}
Event: 58.351 GC heap before
{Heap before GC invocations=13 (full 2):
 PSYoungGen      total 145920K, used 145663K [0x00000007a0000000, 0x00000007a9d00000, 0x00000007c0000000)
  eden space 135168K, 100% used [0x00000007a0000000,0x00000007a8400000,0x00000007a8400000)
  from space 10752K, 97% used [0x00000007a8f80000,0x00000007a99bfef0,0x00000007a9a00000)
  to   space 11776K, 0% used [0x00000007a8400000,0x00000007a8400000,0x00000007a8f80000)
 ParOldGen       total 68608K, used 14582K [0x0000000760000000, 0x0000000764300000, 0x00000007a0000000)
  object space 68608K, 21% used [0x0000000760000000,0x0000000760e3d9f8,0x0000000764300000)
 Metaspace       used 47830K, capacity 49026K, committed 49280K, reserved 1091584K
  class space    used 6357K, capacity 6666K, committed 6784K, reserved 1048576K
Event: 58.385 GC heap after
Heap after GC invocations=13 (full 2):
 PSYoungGen      total 146944K, used 9306K [0x00000007a0000000, 0x00000007ade80000, 0x00000007c0000000)
  eden space 135168K, 0% used [0x00000007a0000000,0x00000007a0000000,0x00000007a8400000)
  from space 11776K, 79% used [0x00000007a8400000,0x00000007a8d16aa8,0x00000007a8f80000)
  to   space 12288K, 0% used [0x00000007ad280000,0x00000007ad280000,0x00000007ade80000)
 ParOldGen       total 68608K, used 21213K [0x0000000760000000, 0x0000000764300000, 0x00000007a0000000)
  object space 68608K, 30% used [0x0000000760000000,0x00000007614b76a8,0x0000000764300000)
 Metaspace       used 47830K, capacity 49026K, committed 49280K, reserved 1091584K
  class space    used 6357K, capacity 6666K, committed 6784K, reserved 1048576K
}

