# JRE version: OpenJDK Runtime Environment (8.0_112-b06) (build 1.8.0_112-release-b06)
# Java VM: OpenJDK 64-Bit Server VM (25.112-b06 mixed mode bsd-amd64 compressed oops)
Heap:
 PSYoungGen      total 454656K, used 376968K [0x00000007a0000000, 0x00000007bfa80000, 0x00000007c0000000)
  eden space 389632K, 88% used [0x00000007a0000000,0x00000007b502e850,0x00000007b7c80000)
  from space 65024K, 50% used [0x00000007bbb00000,0x00000007bdaf3b38,0x00000007bfa80000)
  to   space 64000K, 0% used [0x00000007b7c80000,0x00000007b7c80000,0x00000007bbb00000)
 ParOldGen       total 246784K, used 132452K [0x0000000760000000, 0x000000076f100000, 0x00000007a0000000)
  object space 246784K, 53% used [0x0000000760000000,0x0000000768159320,0x000000076f100000)
 Metaspace       used 98626K, capacity 104616K, committed 104832K, reserved 1140736K
  class space    used 12427K, capacity 13577K, committed 13696K, reserved 1048576K
GC Heap History (10 events):
Event: 506.712 GC heap before
{Heap before GC invocations=25 (full 5):
 PSYoungGen      total 421888K, used 379249K [0x00000007a0000000, 0x00000007c0000000, 0x00000007c0000000)
  eden space 379904K, 99% used [0x00000007a0000000,0x00000007b725c6f8,0x00000007b7300000)
  from space 41984K, 0% used [0x00000007b7300000,0x00000007b7300000,0x00000007b9c00000)
  to   space 72704K, 0% used [0x00000007bb900000,0x00000007bb900000,0x00000007c0000000)
 ParOldGen       total 246784K, used 132412K [0x0000000760000000, 0x000000076f100000, 0x00000007a0000000)
  object space 246784K, 53% used [0x0000000760000000,0x000000076814f320,0x000000076f100000)
 Metaspace       used 78407K, capacity 81750K, committed 81920K, reserved 1120256K
  class space    used 9978K, capacity 10636K, committed 10752K, reserved 1048576K
Event: 506.753 GC heap after
Heap after GC invocations=25 (full 5):
 PSYoungGen      total 453632K, used 14961K [0x00000007a0000000, 0x00000007c0000000, 0x00000007c0000000)
  eden space 380928K, 0% used [0x00000007a0000000,0x00000007a0000000,0x00000007b7400000)
  from space 72704K, 20% used [0x00000007bb900000,0x00000007bc79c418,0x00000007c0000000)
  to   space 70656K, 0% used [0x00000007b7400000,0x00000007b7400000,0x00000007bb900000)
 ParOldGen       total 246784K, used 132420K [0x0000000760000000, 0x000000076f100000, 0x00000007a0000000)
  object space 246784K, 53% used [0x0000000760000000,0x0000000768151320,0x000000076f100000)
 Metaspace       used 78407K, capacity 81750K, committed 81920K, reserved 1120256K
  class space    used 9978K, capacity 10636K, committed 10752K, reserved 1048576K
}
Event: 739.197 GC heap before
{Heap before GC invocations=26 (full 5):
 PSYoungGen      total 453632K, used 395889K [0x00000007a0000000, 0x00000007c0000000, 0x00000007c0000000)
  eden space 380928K, 100% used [0x00000007a0000000,0x00000007b7400000,0x00000007b7400000)
  from space 72704K, 20% used [0x00000007bb900000,0x00000007bc79c418,0x00000007c0000000)
  to   space 70656K, 0% used [0x00000007b7400000,0x00000007b7400000,0x00000007bb900000)
 ParOldGen       total 246784K, used 132420K [0x0000000760000000, 0x000000076f100000, 0x00000007a0000000)
  object space 246784K, 53% used [0x0000000760000000,0x0000000768151320,0x000000076f100000)
 Metaspace       used 79059K, capacity 82616K, committed 82688K, reserved 1122304K
  class space    used 10041K, capacity 10697K, committed 10752K, reserved 1048576K
Event: 739.369 GC heap after
Heap after GC invocations=26 (full 5):
 PSYoungGen      total 392704K, used 11431K [0x00000007a0000000, 0x00000007bfb00000, 0x00000007c0000000)
  eden space 380928K, 0% used [0x00000007a0000000,0x00000007a0000000,0x00000007b7400000)
  from space 11776K, 97% used [0x00000007b7400000,0x00000007b7f29c58,0x00000007b7f80000)
  to   space 69120K, 0% used [0x00000007bb780000,0x00000007bb780000,0x00000007bfb00000)
 ParOldGen       total 246784K, used 132428K [0x0000000760000000, 0x000000076f100000, 0x00000007a0000000)
  object space 246784K, 53% used [0x0000000760000000,0x0000000768153320,0x000000076f100000)
 Metaspace       used 79059K, capacity 82616K, committed 82688K, reserved 1122304K
  class space    used 10041K, capacity 10697K, committed 10752K, reserved 1048576K
}
Event: 814.373 GC heap before
{Heap before GC invocations=27 (full 5):
 PSYoungGen      total 392704K, used 392359K [0x00000007a0000000, 0x00000007bfb00000, 0x00000007c0000000)
  eden space 380928K, 100% used [0x00000007a0000000,0x00000007b7400000,0x00000007b7400000)
  from space 11776K, 97% used [0x00000007b7400000,0x00000007b7f29c58,0x00000007b7f80000)
  to   space 69120K, 0% used [0x00000007bb780000,0x00000007bb780000,0x00000007bfb00000)
 ParOldGen       total 246784K, used 132428K [0x0000000760000000, 0x000000076f100000, 0x00000007a0000000)
  object space 246784K, 53% used [0x0000000760000000,0x0000000768153320,0x000000076f100000)
 Metaspace       used 88276K, capacity 92720K, committed 92800K, reserved 1130496K
  class space    used 11258K, capacity 12115K, committed 12160K, reserved 1048576K
Event: 814.684 GC heap after
Heap after GC invocations=27 (full 5):
 PSYoungGen      total 451584K, used 32571K [0x00000007a0000000, 0x00000007c0000000, 0x00000007c0000000)
  eden space 382464K, 0% used [0x00000007a0000000,0x00000007a0000000,0x00000007b7580000)
  from space 69120K, 47% used [0x00000007bb780000,0x00000007bd74ef60,0x00000007bfb00000)
  to   space 67584K, 0% used [0x00000007b7580000,0x00000007b7580000,0x00000007bb780000)
 ParOldGen       total 246784K, used 132436K [0x0000000760000000, 0x000000076f100000, 0x00000007a0000000)
  object space 246784K, 53% used [0x0000000760000000,0x0000000768155320,0x000000076f100000)
 Metaspace       used 88276K, capacity 92720K, committed 92800K, reserved 1130496K
  class space    used 11258K, capacity 12115K, committed 12160K, reserved 1048576K
}
Event: 1143.666 GC heap before
{Heap before GC invocations=28 (full 5):
 PSYoungGen      total 451584K, used 415035K [0x00000007a0000000, 0x00000007c0000000, 0x00000007c0000000)
  eden space 382464K, 100% used [0x00000007a0000000,0x00000007b7580000,0x00000007b7580000)
  from space 69120K, 47% used [0x00000007bb780000,0x00000007bd74ef60,0x00000007bfb00000)
  to   space 67584K, 0% used [0x00000007b7580000,0x00000007b7580000,0x00000007bb780000)
 ParOldGen       total 246784K, used 132436K [0x0000000760000000, 0x000000076f100000, 0x00000007a0000000)
  object space 246784K, 53% used [0x0000000760000000,0x0000000768155320,0x000000076f100000)
 Metaspace       used 94178K, capacity 99146K, committed 99200K, reserved 1136640K
  class space    used 11916K, capacity 12884K, committed 12928K, reserved 1048576K
Event: 1144.124 GC heap after
Heap after GC invocations=28 (full 5):
 PSYoungGen      total 450048K, used 33593K [0x00000007a0000000, 0x00000007bfb80000, 0x00000007c0000000)
  eden space 382464K, 0% used [0x00000007a0000000,0x00000007a0000000,0x00000007b7580000)
  from space 67584K, 49% used [0x00000007b7580000,0x00000007b964e4b0,0x00000007bb780000)
  to   space 66048K, 0% used [0x00000007bbb00000,0x00000007bbb00000,0x00000007bfb80000)
 ParOldGen       total 246784K, used 132444K [0x0000000760000000, 0x000000076f100000, 0x00000007a0000000)
  object space 246784K, 53% used [0x0000000760000000,0x0000000768157320,0x000000076f100000)
 Metaspace       used 94178K, capacity 99146K, committed 99200K, reserved 1136640K
  class space    used 11916K, capacity 12884K, committed 12928K, reserved 1048576K
}
Event: 1278.664 GC heap before
{Heap before GC invocations=29 (full 5):
 PSYoungGen      total 450048K, used 416057K [0x00000007a0000000, 0x00000007bfb80000, 0x00000007c0000000)
  eden space 382464K, 100% used [0x00000007a0000000,0x00000007b7580000,0x00000007b7580000)
  from space 67584K, 49% used [0x00000007b7580000,0x00000007b964e4b0,0x00000007bb780000)
  to   space 66048K, 0% used [0x00000007bbb00000,0x00000007bbb00000,0x00000007bfb80000)
 ParOldGen       total 246784K, used 132444K [0x0000000760000000, 0x000000076f100000, 0x00000007a0000000)
  object space 246784K, 53% used [0x0000000760000000,0x0000000768157320,0x000000076f100000)
 Metaspace       used 96223K, capacity 101594K, committed 101760K, reserved 1138688K
  class space    used 12120K, capacity 13140K, committed 13184K, reserved 1048576K
Event: 1279.162 GC heap after
Heap after GC invocations=29 (full 5):
 PSYoungGen      total 454656K, used 32718K [0x00000007a0000000, 0x00000007bfa80000, 0x00000007c0000000)
  eden space 389632K, 0% used [0x00000007a0000000,0x00000007a0000000,0x00000007b7c80000)
  from space 65024K, 50% used [0x00000007bbb00000,0x00000007bdaf3b38,0x00000007bfa80000)
  to   space 64000K, 0% used [0x00000007b7c80000,0x00000007b7c80000,0x00000007bbb00000)
 ParOldGen       total 246784K, used 132452K [0x0000000760000000, 0x000000076f100000, 0x00000007a0000000)
  object space 246784K, 53% used [0x0000000760000000,0x0000000768159320,0x000000076f100000)
 Metaspace       used 96223K, capacity 101594K, committed 101760K, reserved 1138688K
  class space    used 12120K, capacity 13140K, committed 13184K, reserved 1048576K
}

