# JRE version: OpenJDK Runtime Environment (8.0_112-b06) (build 1.8.0_112-release-b06)
# Java VM: OpenJDK 64-Bit Server VM (25.112-b06 mixed mode bsd-amd64 compressed oops)
Heap:
 PSYoungGen      total 237056K, used 28394K [0x00000007a0000000, 0x00000007b5600000, 0x00000007c0000000)
  eden space 223744K, 6% used [0x00000007a0000000,0x00000007a0ebd9f0,0x00000007ada80000)
  from space 13312K, 99% used [0x00000007ada80000,0x00000007ae77ce88,0x00000007ae780000)
  to   space 19968K, 0% used [0x00000007b4280000,0x00000007b4280000,0x00000007b5600000)
 ParOldGen       total 70656K, used 31332K [0x0000000760000000, 0x0000000764500000, 0x00000007a0000000)
  object space 70656K, 44% used [0x0000000760000000,0x0000000761e99258,0x0000000764500000)
 Metaspace       used 54046K, capacity 55814K, committed 56064K, reserved 1097728K
  class space    used 7269K, capacity 7644K, committed 7680K, reserved 1048576K
GC Heap History (10 events):
Event: 32.759 GC heap before
{Heap before GC invocations=7 (full 1):
 PSYoungGen      total 71680K, used 71652K [0x00000007a0000000, 0x00000007a8c80000, 0x00000007c0000000)
  eden space 66560K, 100% used [0x00000007a0000000,0x00000007a4100000,0x00000007a4100000)
  from space 5120K, 99% used [0x00000007a4100000,0x00000007a45f92a8,0x00000007a4600000)
  to   space 9728K, 0% used [0x00000007a8300000,0x00000007a8300000,0x00000007a8c80000)
 ParOldGen       total 49152K, used 10730K [0x0000000760000000, 0x0000000763000000, 0x00000007a0000000)
  object space 49152K, 21% used [0x0000000760000000,0x0000000760a7aa70,0x0000000763000000)
 Metaspace       used 29131K, capacity 29644K, committed 29824K, reserved 1075200K
  class space    used 3973K, capacity 4123K, committed 4224K, reserved 1048576K
Event: 32.775 GC heap after
Heap after GC invocations=7 (full 1):
 PSYoungGen      total 133120K, used 6718K [0x00000007a0000000, 0x00000007a8c00000, 0x00000007c0000000)
  eden space 123904K, 0% used [0x00000007a0000000,0x00000007a0000000,0x00000007a7900000)
  from space 9216K, 72% used [0x00000007a8300000,0x00000007a898fab0,0x00000007a8c00000)
  to   space 9728K, 0% used [0x00000007a7900000,0x00000007a7900000,0x00000007a8280000)
 ParOldGen       total 49152K, used 10802K [0x0000000760000000, 0x0000000763000000, 0x00000007a0000000)
  object space 49152K, 21% used [0x0000000760000000,0x0000000760a8ca80,0x0000000763000000)
 Metaspace       used 29131K, capacity 29644K, committed 29824K, reserved 1075200K
  class space    used 3973K, capacity 4123K, committed 4224K, reserved 1048576K
}
Event: 55.170 GC heap before
{Heap before GC invocations=8 (full 1):
 PSYoungGen      total 133120K, used 86721K [0x00000007a0000000, 0x00000007a8c00000, 0x00000007c0000000)
  eden space 123904K, 64% used [0x00000007a0000000,0x00000007a4e20cd0,0x00000007a7900000)
  from space 9216K, 72% used [0x00000007a8300000,0x00000007a898fab0,0x00000007a8c00000)
  to   space 9728K, 0% used [0x00000007a7900000,0x00000007a7900000,0x00000007a8280000)
 ParOldGen       total 49152K, used 10802K [0x0000000760000000, 0x0000000763000000, 0x00000007a0000000)
  object space 49152K, 21% used [0x0000000760000000,0x0000000760a8ca80,0x0000000763000000)
 Metaspace       used 34768K, capacity 35404K, committed 35496K, reserved 1079296K
  class space    used 4668K, capacity 4850K, committed 4864K, reserved 1048576K
Event: 55.199 GC heap after
Heap after GC invocations=8 (full 1):
 PSYoungGen      total 133632K, used 9723K [0x00000007a0000000, 0x00000007af480000, 0x00000007c0000000)
  eden space 123904K, 0% used [0x00000007a0000000,0x00000007a0000000,0x00000007a7900000)
  from space 9728K, 99% used [0x00000007a7900000,0x00000007a827ec30,0x00000007a8280000)
  to   space 11776K, 0% used [0x00000007ae900000,0x00000007ae900000,0x00000007af480000)
 ParOldGen       total 49152K, used 13012K [0x0000000760000000, 0x0000000763000000, 0x00000007a0000000)
  object space 49152K, 26% used [0x0000000760000000,0x0000000760cb5028,0x0000000763000000)
 Metaspace       used 34768K, capacity 35404K, committed 35496K, reserved 1079296K
  class space    used 4668K, capacity 4850K, committed 4864K, reserved 1048576K
}
Event: 55.199 GC heap before
{Heap before GC invocations=9 (full 2):
 PSYoungGen      total 133632K, used 9723K [0x00000007a0000000, 0x00000007af480000, 0x00000007c0000000)
  eden space 123904K, 0% used [0x00000007a0000000,0x00000007a0000000,0x00000007a7900000)
  from space 9728K, 99% used [0x00000007a7900000,0x00000007a827ec30,0x00000007a8280000)
  to   space 11776K, 0% used [0x00000007ae900000,0x00000007ae900000,0x00000007af480000)
 ParOldGen       total 49152K, used 13012K [0x0000000760000000, 0x0000000763000000, 0x00000007a0000000)
  object space 49152K, 26% used [0x0000000760000000,0x0000000760cb5028,0x0000000763000000)
 Metaspace       used 34768K, capacity 35404K, committed 35496K, reserved 1079296K
  class space    used 4668K, capacity 4850K, committed 4864K, reserved 1048576K
Event: 55.333 GC heap after
Heap after GC invocations=9 (full 2):
 PSYoungGen      total 133632K, used 0K [0x00000007a0000000, 0x00000007af480000, 0x00000007c0000000)
  eden space 123904K, 0% used [0x00000007a0000000,0x00000007a0000000,0x00000007a7900000)
  from space 9728K, 0% used [0x00000007a7900000,0x00000007a7900000,0x00000007a8280000)
  to   space 11776K, 0% used [0x00000007ae900000,0x00000007ae900000,0x00000007af480000)
 ParOldGen       total 70656K, used 17994K [0x0000000760000000, 0x0000000764500000, 0x00000007a0000000)
  object space 70656K, 25% used [0x0000000760000000,0x0000000761192a88,0x0000000764500000)
 Metaspace       used 34768K, capacity 35404K, committed 35496K, reserved 1079296K
  class space    used 4668K, capacity 4850K, committed 4864K, reserved 1048576K
}
Event: 58.269 GC heap before
{Heap before GC invocations=10 (full 2):
 PSYoungGen      total 133632K, used 123904K [0x00000007a0000000, 0x00000007af480000, 0x00000007c0000000)
  eden space 123904K, 100% used [0x00000007a0000000,0x00000007a7900000,0x00000007a7900000)
  from space 9728K, 0% used [0x00000007a7900000,0x00000007a7900000,0x00000007a8280000)
  to   space 11776K, 0% used [0x00000007ae900000,0x00000007ae900000,0x00000007af480000)
 ParOldGen       total 70656K, used 17994K [0x0000000760000000, 0x0000000764500000, 0x00000007a0000000)
  object space 70656K, 25% used [0x0000000760000000,0x0000000761192a88,0x0000000764500000)
 Metaspace       used 43586K, capacity 44438K, committed 44672K, reserved 1087488K
  class space    used 5753K, capacity 5980K, committed 6016K, reserved 1048576K
Event: 58.302 GC heap after
Heap after GC invocations=10 (full 2):
 PSYoungGen      total 225792K, used 11661K [0x00000007a0000000, 0x00000007af480000, 0x00000007c0000000)
  eden space 214016K, 0% used [0x00000007a0000000,0x00000007a0000000,0x00000007ad100000)
  from space 11776K, 99% used [0x00000007ae900000,0x00000007af463668,0x00000007af480000)
  to   space 13312K, 0% used [0x00000007ada80000,0x00000007ada80000,0x00000007ae780000)
 ParOldGen       total 70656K, used 18002K [0x0000000760000000, 0x0000000764500000, 0x00000007a0000000)
  object space 70656K, 25% used [0x0000000760000000,0x0000000761194a88,0x0000000764500000)
 Metaspace       used 43586K, capacity 44438K, committed 44672K, reserved 1087488K
  class space    used 5753K, capacity 5980K, committed 6016K, reserved 1048576K
}
Event: 63.654 GC heap before
{Heap before GC invocations=11 (full 2):
 PSYoungGen      total 225792K, used 225677K [0x00000007a0000000, 0x00000007af480000, 0x00000007c0000000)
  eden space 214016K, 100% used [0x00000007a0000000,0x00000007ad100000,0x00000007ad100000)
  from space 11776K, 99% used [0x00000007ae900000,0x00000007af463668,0x00000007af480000)
  to   space 13312K, 0% used [0x00000007ada80000,0x00000007ada80000,0x00000007ae780000)
 ParOldGen       total 70656K, used 18002K [0x0000000760000000, 0x0000000764500000, 0x00000007a0000000)
  object space 70656K, 25% used [0x0000000760000000,0x0000000761194a88,0x0000000764500000)
 Metaspace       used 52868K, capacity 54544K, committed 54656K, reserved 1095680K
  class space    used 7096K, capacity 7480K, committed 7552K, reserved 1048576K
Event: 63.731 GC heap after
Heap after GC invocations=11 (full 2):
 PSYoungGen      total 237056K, used 13299K [0x00000007a0000000, 0x00000007b5600000, 0x00000007c0000000)
  eden space 223744K, 0% used [0x00000007a0000000,0x00000007a0000000,0x00000007ada80000)
  from space 13312K, 99% used [0x00000007ada80000,0x00000007ae77ce88,0x00000007ae780000)
  to   space 19968K, 0% used [0x00000007b4280000,0x00000007b4280000,0x00000007b5600000)
 ParOldGen       total 70656K, used 31332K [0x0000000760000000, 0x0000000764500000, 0x00000007a0000000)
  object space 70656K, 44% used [0x0000000760000000,0x0000000761e99258,0x0000000764500000)
 Metaspace       used 52868K, capacity 54544K, committed 54656K, reserved 1095680K
  class space    used 7096K, capacity 7480K, committed 7552K, reserved 1048576K
}

